<?xml version="1.0" encoding="UTF-8"?>
<!-- Generated by org.testng.reporters.JUnitXMLReporter -->
<testsuite ignored="4" hostname="Abinash" failures="0" tests="3" name="Testchrome" time="64.27" errors="0" timestamp="07 Feb 2023 06:33:35 GMT">
  <testcase classname="com.actitime.test.ActitimeLoginLogout" name="loginlogout" time="7.827"/>
  <testcase classname="com.actitime.test.DeleteCreatedCustomer" name="deleteCreateCustomer" time="18.553"/>
  <testcase classname="com.actitime.test.CreatenewCustomer" name="createnewCustomer" time="12.446"/>
  <testcase classname="com.actitime.generics.BaseTest" name="@BeforeSuite executionstart" time="0.0">
    <ignored/>
  </testcase> <!-- @BeforeSuite executionstart -->
  <testcase classname="com.actitime.generics.BaseTest" name="@BeforeSuite executionstart" time="0.0">
    <ignored/>
  </testcase> <!-- @BeforeSuite executionstart -->
  <testcase classname="com.actitime.generics.BaseTest" name="@AfterSuite executioncomplete" time="0.0">
    <ignored/>
  </testcase> <!-- @AfterSuite executioncomplete -->
  <testcase classname="com.actitime.generics.BaseTest" name="@AfterSuite executioncomplete" time="0.0">
    <ignored/>
  </testcase> <!-- @AfterSuite executioncomplete -->
</testsuite> <!-- Testchrome -->
