<?xml version="1.0" encoding="UTF-8"?>
<testng-results ignored="0" total="1" passed="1" failed="0" skipped="0">
  <reporter-output>
  </reporter-output>
  <suite started-at="2023-02-07T05:48:21Z" name="Default suite" finished-at="2023-02-07T05:48:31Z" duration-ms="9652">
    <groups>
    </groups>
    <test started-at="2023-02-07T05:48:21Z" name="Default test" finished-at="2023-02-07T05:48:31Z" duration-ms="9652">
      <class name="com.actitime.test.New">
        <test-method is-config="true" signature="browserlaunch()[pri:0, instance:com.actitime.test.New@6cdba6dc]" started-at="2023-02-07T05:48:21Z" name="browserlaunch" finished-at="2023-02-07T05:48:30Z" duration-ms="8792" status="PASS">
          <reporter-output>
          </reporter-output>
        </test-method> <!-- browserlaunch -->
        <test-method signature="testcase_001()[pri:0, instance:com.actitime.test.New@6cdba6dc]" started-at="2023-02-07T05:48:30Z" name="testcase_001" finished-at="2023-02-07T05:48:30Z" duration-ms="40" status="PASS">
          <reporter-output>
          </reporter-output>
        </test-method> <!-- testcase_001 -->
        <test-method is-config="true" signature="teardown()[pri:0, instance:com.actitime.test.New@6cdba6dc]" started-at="2023-02-07T05:48:30Z" name="teardown" finished-at="2023-02-07T05:48:31Z" duration-ms="789" status="PASS">
          <reporter-output>
          </reporter-output>
        </test-method> <!-- teardown -->
      </class> <!-- com.actitime.test.New -->
    </test> <!-- Default test -->
  </suite> <!-- Default suite -->
</testng-results>
